2024-04-18 05:15:38,736 - HikariPool-1 - Thread starvation or clock leap detected (housekeeper delta=5h54m31s548ms).
2024-04-18 05:18:42,936 - Neither @ContextConfiguration nor @ContextHierarchy found for test class [com.cse5382.assignment.PhoneBookServiceRegexTest], using SpringBootContextLoader
2024-04-18 05:18:42,951 - Could not detect default resource locations for test class [com.cse5382.assignment.PhoneBookServiceRegexTest]: no resource found for suffixes {-context.xml, Context.groovy}.
2024-04-18 05:18:42,953 - Could not detect default configuration classes for test class [com.cse5382.assignment.PhoneBookServiceRegexTest]: PhoneBookServiceRegexTest does not declare any static, non-private, non-final, nested classes annotated with @Configuration.
2024-04-18 05:18:43,250 - Found @SpringBootConfiguration com.cse5382.assignment.AssignmentApplication for test class com.cse5382.assignment.PhoneBookServiceRegexTest
2024-04-18 05:18:43,538 - Loaded default TestExecutionListener class names from location [META-INF/spring.factories]: [org.springframework.security.test.context.support.WithSecurityContextTestExecutionListener, org.springframework.security.test.context.support.ReactorContextTestExecutionListener, org.springframework.test.context.web.ServletTestExecutionListener, org.springframework.test.context.support.DirtiesContextBeforeModesTestExecutionListener, org.springframework.test.context.event.ApplicationEventsTestExecutionListener, org.springframework.test.context.support.DependencyInjectionTestExecutionListener, org.springframework.test.context.support.DirtiesContextTestExecutionListener, org.springframework.test.context.transaction.TransactionalTestExecutionListener, org.springframework.test.context.jdbc.SqlScriptsTestExecutionListener, org.springframework.test.context.event.EventPublishingTestExecutionListener, org.springframework.boot.test.mock.mockito.MockitoTestExecutionListener, org.springframework.boot.test.mock.mockito.ResetMocksTestExecutionListener, org.springframework.boot.test.autoconfigure.restdocs.RestDocsTestExecutionListener, org.springframework.boot.test.autoconfigure.web.client.MockRestServiceServerResetTestExecutionListener, org.springframework.boot.test.autoconfigure.web.servlet.MockMvcPrintOnlyOnFailureTestExecutionListener, org.springframework.boot.test.autoconfigure.web.servlet.WebDriverTestExecutionListener, org.springframework.boot.test.autoconfigure.webservices.client.MockWebServiceServerTestExecutionListener]
2024-04-18 05:18:43,600 - Using TestExecutionListeners: [org.springframework.test.context.web.ServletTestExecutionListener@6326d182, org.springframework.test.context.support.DirtiesContextBeforeModesTestExecutionListener@5241cf67, org.springframework.test.context.event.ApplicationEventsTestExecutionListener@716a7124, org.springframework.boot.test.mock.mockito.MockitoTestExecutionListener@77192705, org.springframework.boot.test.autoconfigure.SpringBootDependencyInjectionTestExecutionListener@226642a5, org.springframework.test.context.support.DirtiesContextTestExecutionListener@7e809b79, org.springframework.test.context.transaction.TransactionalTestExecutionListener@5cc126dc, org.springframework.test.context.jdbc.SqlScriptsTestExecutionListener@625e134e, org.springframework.security.test.context.support.WithSecurityContextTestExecutionListener@72bd06ca, org.springframework.test.context.event.EventPublishingTestExecutionListener@89c10b7, org.springframework.security.test.context.support.ReactorContextTestExecutionListener@5dbe30be, org.springframework.boot.test.mock.mockito.ResetMocksTestExecutionListener@4fe89c24, org.springframework.boot.test.autoconfigure.restdocs.RestDocsTestExecutionListener@55795845, org.springframework.boot.test.autoconfigure.web.client.MockRestServiceServerResetTestExecutionListener@3d08f3f5, org.springframework.boot.test.autoconfigure.web.servlet.MockMvcPrintOnlyOnFailureTestExecutionListener@119f1f2a, org.springframework.boot.test.autoconfigure.web.servlet.WebDriverTestExecutionListener@1a1da881, org.springframework.boot.test.autoconfigure.webservices.client.MockWebServiceServerTestExecutionListener@5b970f7]
2024-04-18 05:18:44,387 - Starting PhoneBookServiceRegexTest using Java 17.0.10 on Benjamins-Air.lan with PID 41174 (started by ben in /Users/ben/Documents/school/UTA/classes/SP24/4382/project/PhoneBook_Starter_Java_SpringBoot)
2024-04-18 05:18:44,392 - No active profile set, falling back to 1 default profile: "default"
2024-04-18 05:18:44,417 - HV000001: Hibernate Validator 6.2.3.Final
2024-04-18 05:18:46,220 - Bootstrapping Spring Data JPA repositories in DEFAULT mode.
2024-04-18 05:18:46,360 - Finished Spring Data repository scanning in 110 ms. Found 2 JPA repository interfaces.
2024-04-18 05:18:47,737 - HikariPool-1 - Starting...
2024-04-18 05:18:48,267 - HikariPool-1 - Start completed.
2024-04-18 05:18:48,446 - HHH000204: Processing PersistenceUnitInfo [name: default]
2024-04-18 05:18:48,721 - HHH000412: Hibernate ORM core version 5.6.9.Final
2024-04-18 05:18:49,352 - HCANN000001: Hibernate Commons Annotations {5.1.2.Final}
2024-04-18 05:18:49,771 - HHH000400: Using dialect: org.hibernate.dialect.PostgreSQL10Dialect
2024-04-18 05:18:51,104 - HHH000490: Using JtaPlatform implementation: [org.hibernate.engine.transaction.jta.platform.internal.NoJtaPlatform]
2024-04-18 05:18:51,122 - Initialized JPA EntityManagerFactory for persistence unit 'default'
2024-04-18 05:18:52,794 - Will secure any request with [org.springframework.security.web.session.DisableEncodeUrlFilter@2eea4441, org.springframework.security.web.context.request.async.WebAsyncManagerIntegrationFilter@1820f274, org.springframework.security.web.context.SecurityContextPersistenceFilter@34d72f06, org.springframework.security.web.header.HeaderWriterFilter@7db2b614, org.springframework.security.web.authentication.logout.LogoutFilter@2ef1fc8a, org.springframework.security.web.authentication.www.BasicAuthenticationFilter@23e0c200, org.springframework.security.web.savedrequest.RequestCacheAwareFilter@dbcf7c3, org.springframework.security.web.servletapi.SecurityContextHolderAwareRequestFilter@444c0f9a, org.springframework.security.web.authentication.AnonymousAuthenticationFilter@221cdd87, org.springframework.security.web.session.SessionManagementFilter@6d0bcf8c, org.springframework.security.web.access.ExceptionTranslationFilter@4af44f2a, org.springframework.security.web.access.intercept.AuthorizationFilter@18d1d137]
2024-04-18 05:18:53,227 - spring.jpa.open-in-view is enabled by default. Therefore, database queries may be performed during view rendering. Explicitly configure spring.jpa.open-in-view to disable this warning
2024-04-18 05:18:54,554 - Started PhoneBookServiceRegexTest in 10.834 seconds (JVM running for 13.543)
2024-04-18 05:18:54,927 - Username (user) already exists
2024-04-18 05:18:54,935 - Username (admin) already exists
2024-04-18 05:18:55,682 - Closing JPA EntityManagerFactory for persistence unit 'default'
2024-04-18 05:18:55,684 - HikariPool-1 - Shutdown initiated...
2024-04-18 05:18:55,693 - HikariPool-1 - Shutdown completed.
2024-04-18 05:30:38,507 - HikariPool-1 - Retrograde clock change detected (housekeeper delta=29s132ms), soft-evicting connections from pool.
2024-04-18 08:59:07,731 - HikariPool-1 - Thread starvation or clock leap detected (housekeeper delta=3h29s35ms).
